<?xml version="1.0" encoding="UTF-8"?>
<!-- Generated by org.testng.reporters.JUnitXMLReporter -->
<testsuite hostname="DESKTOP-LL8780C" ignored="0" name="Zoopla regression Test" tests="7" failures="0" timestamp="26 May 2020 15:09:40 GMT" time="222.161" errors="0">
  <testcase name="acceptCookieTest" time="3.42" classname="com.qa.zoopla.tests.HomePageTest"/>
  <testcase name="sortedPriceInDescOrderTest" time="4.039" classname="com.qa.zoopla.tests.PropertyPricePageTest"/>
  <testcase name="verifyLogoTest" time="6.055" classname="com.qa.zoopla.tests.fifthPropertydeatilsPageTest"/>
  <testcase name="verifyAddressTest" time="0.25" classname="com.qa.zoopla.tests.AgentVerifyPageTest"/>
  <testcase name="fifthvalueTest" time="6.52" classname="com.qa.zoopla.tests.PropertyPricePageTest"/>
  <testcase name="verifyphnNumberTest" time="0.2" classname="com.qa.zoopla.tests.fifthPropertydeatilsPageTest"/>
  <testcase name="verifyAgentNameTest" time="3.465" classname="com.qa.zoopla.tests.fifthPropertydeatilsPageTest"/>
</testsuite> <!-- Zoopla regression Test -->
